<?xml version="1.0" encoding="UTF-8"?>
<!-- Generated by org.testng.reporters.JUnitReportReporter -->
<testsuite hostname="DESKTOP-J1CGGHU" failures="0" tests="1" name="com.datadriven.dataprovider.facebookTest" time="0.000" errors="0" timestamp="2021-02-21T09:25:11 IST" skipped="1">
  <testcase classname="com.datadriven.dataprovider.facebookTest" name="facebookRegPageTest" time="0.000">
    <skipped/>
  </testcase> <!-- facebookRegPageTest -->
  <system-out/>
</testsuite> <!-- com.datadriven.dataprovider.facebookTest -->
